Cloning into 'HDR-Plenoxels'...
Processing /workspace/HDR-Plenoxels
  Preparing metadata (setup.py): started
  Preparing metadata (setup.py): finished with status 'done'
Building wheels for collected packages: svox2
  Building wheel for svox2 (setup.py): started
  Building wheel for svox2 (setup.py): finished with status 'error'
  error: subprocess-exited-with-error
  
  × python setup.py bdist_wheel did not run successfully.
  │ exit code: 1
  ╰─> [88 lines of output]
      No CUDA runtime is found, using CUDA_HOME='/usr/local/cuda'
      /workspace/HDR-Plenoxels/setup.py:25: UserWarning: The environment variable `CUB_HOME` was not found.Installation will fail if your system CUDA toolkit version is less than 11.NVIDIA CUB can be downloaded from `https://github.com/NVIDIA/cub/releases`. You can unpack it to a location of your choice and set the environment variable `CUB_HOME` to the folder containing the `CMakeListst.txt` file.
        warnings.warn(
      /usr/local/lib/python3.8/dist-packages/setuptools/__init__.py:80: _DeprecatedInstaller: setuptools.installer and fetch_build_eggs are deprecated.
      !!
      
              ********************************************************************************
              Requirements should be satisfied by a PEP 517 installer.
              If you are using pip, you can try `pip install --use-pep517`.
              ********************************************************************************
      
      !!
        dist.fetch_build_eggs(dist.setup_requires)
      running bdist_wheel
      /usr/local/lib/python3.8/dist-packages/torch/utils/cpp_extension.py:411: UserWarning: Attempted to use ninja as the BuildExtension backend but we could not find ninja.. Falling back to using the slow distutils backend.
        warnings.warn(msg.format('we could not find ninja.'))
      running build
      running build_py
      creating build/lib.linux-x86_64-cpython-38
      creating build/lib.linux-x86_64-cpython-38/svox2
      copying svox2/__init__.py -> build/lib.linux-x86_64-cpython-38/svox2
      copying svox2/defs.py -> build/lib.linux-x86_64-cpython-38/svox2
      copying svox2/svox2.py -> build/lib.linux-x86_64-cpython-38/svox2
      copying svox2/utils.py -> build/lib.linux-x86_64-cpython-38/svox2
      copying svox2/version.py -> build/lib.linux-x86_64-cpython-38/svox2
      running build_ext
      /usr/local/lib/python3.8/dist-packages/torch/utils/cpp_extension.py:813: UserWarning: The detected CUDA version (11.2) has a minor version mismatch with the version that was used to compile PyTorch (11.3). Most likely this shouldn't be a problem.
        warnings.warn(CUDA_MISMATCH_WARN.format(cuda_str_version, torch.version.cuda))
      building 'svox2.csrc' extension
      creating build/temp.linux-x86_64-cpython-38
      creating build/temp.linux-x86_64-cpython-38/svox2
      creating build/temp.linux-x86_64-cpython-38/svox2/csrc
      Traceback (most recent call last):
        File "<string>", line 2, in <module>
        File "<pip-setuptools-caller>", line 34, in <module>
        File "/workspace/HDR-Plenoxels/setup.py", line 55, in <module>
          setup(
        File "/usr/local/lib/python3.8/dist-packages/setuptools/__init__.py", line 103, in setup
          return distutils.core.setup(**attrs)
        File "/usr/local/lib/python3.8/dist-packages/setuptools/_distutils/core.py", line 185, in setup
          return run_commands(dist)
        File "/usr/local/lib/python3.8/dist-packages/setuptools/_distutils/core.py", line 201, in run_commands
          dist.run_commands()
        File "/usr/local/lib/python3.8/dist-packages/setuptools/_distutils/dist.py", line 969, in run_commands
          self.run_command(cmd)
        File "/usr/local/lib/python3.8/dist-packages/setuptools/dist.py", line 989, in run_command
          super().run_command(command)
        File "/usr/local/lib/python3.8/dist-packages/setuptools/_distutils/dist.py", line 988, in run_command
          cmd_obj.run()
        File "/usr/lib/python3/dist-packages/wheel/bdist_wheel.py", line 223, in run
          self.run_command('build')
        File "/usr/local/lib/python3.8/dist-packages/setuptools/_distutils/cmd.py", line 318, in run_command
          self.distribution.run_command(command)
        File "/usr/local/lib/python3.8/dist-packages/setuptools/dist.py", line 989, in run_command
          super().run_command(command)
        File "/usr/local/lib/python3.8/dist-packages/setuptools/_distutils/dist.py", line 988, in run_command
          cmd_obj.run()
        File "/usr/local/lib/python3.8/dist-packages/setuptools/_distutils/command/build.py", line 131, in run
          self.run_command(cmd_name)
        File "/usr/local/lib/python3.8/dist-packages/setuptools/_distutils/cmd.py", line 318, in run_command
          self.distribution.run_command(command)
        File "/usr/local/lib/python3.8/dist-packages/setuptools/dist.py", line 989, in run_command
          super().run_command(command)
        File "/usr/local/lib/python3.8/dist-packages/setuptools/_distutils/dist.py", line 988, in run_command
          cmd_obj.run()
        File "/usr/local/lib/python3.8/dist-packages/setuptools/command/build_ext.py", line 88, in run
          _build_ext.run(self)
        File "/usr/local/lib/python3.8/dist-packages/setuptools/_distutils/command/build_ext.py", line 345, in run
          self.build_extensions()
        File "/usr/local/lib/python3.8/dist-packages/torch/utils/cpp_extension.py", line 765, in build_extensions
          build_ext.build_extensions(self)
        File "/usr/local/lib/python3.8/dist-packages/setuptools/_distutils/command/build_ext.py", line 467, in build_extensions
          self._build_extensions_serial()
        File "/usr/local/lib/python3.8/dist-packages/setuptools/_distutils/command/build_ext.py", line 493, in _build_extensions_serial
          self.build_extension(ext)
        File "/usr/local/lib/python3.8/dist-packages/setuptools/command/build_ext.py", line 249, in build_extension
          _build_ext.build_extension(self, ext)
        File "/usr/local/lib/python3.8/dist-packages/setuptools/_distutils/command/build_ext.py", line 548, in build_extension
          objects = self.compiler.compile(
        File "/usr/local/lib/python3.8/dist-packages/setuptools/_distutils/ccompiler.py", line 600, in compile
          self._compile(obj, src, ext, cc_args, extra_postargs, pp_opts)
        File "/usr/local/lib/python3.8/dist-packages/torch/utils/cpp_extension.py", line 513, in unix_wrap_single_compile
          cflags = unix_cuda_flags(cflags)
        File "/usr/local/lib/python3.8/dist-packages/torch/utils/cpp_extension.py", line 480, in unix_cuda_flags
          cflags + _get_cuda_arch_flags(cflags))
        File "/usr/local/lib/python3.8/dist-packages/torch/utils/cpp_extension.py", line 1694, in _get_cuda_arch_flags
          arch_list[-1] += '+PTX'
      IndexError: list index out of range
      [end of output]
  
  note: This error originates from a subprocess, and is likely not a problem with pip.
  ERROR: Failed building wheel for svox2
  Running setup.py clean for svox2
Failed to build svox2
ERROR: Could not build wheels for svox2, which is required to install pyproject.toml-based projects